<?xml version="1.0" encoding="UTF-8"?>
<!-- Generated by org.testng.reporters.JUnitReportReporter -->
<testsuite hostname="Sai" failures="0" tests="1" name="testcases.HomeLoanTest" time="0.013" errors="0" timestamp="16 Apr 2023 04:26:08 GMT" skipped="0">
  <testcase classname="testcases.HomeLoanTest" name="test2" time="0.013"/>
</testsuite> <!-- testcases.HomeLoanTest -->
