<?xml version="1.0" encoding="UTF-8"?>
<!-- Generated by org.testng.reporters.JUnitReportReporter -->
<testsuite hostname="Sai" failures="0" tests="1" name="testcases.CarLoanTest" time="0.010" errors="0" timestamp="16 Apr 2023 04:03:55 GMT" skipped="0">
  <testcase classname="testcases.CarLoanTest" name="test3" time="0.010"/>
</testsuite> <!-- testcases.CarLoanTest -->
