<?xml version="1.0" encoding="UTF-8"?>
<!-- Generated by org.testng.reporters.JUnitReportReporter -->
<testsuite hostname="Sai" failures="0" tests="1" name="testcases.CreditCardTest" time="0.004" errors="0" timestamp="16 Apr 2023 04:26:08 GMT" skipped="0">
  <testcase classname="testcases.CreditCardTest" name="test4" time="0.004"/>
</testsuite> <!-- testcases.CreditCardTest -->
