<?xml version="1.0" encoding="UTF-8"?>
<!-- Generated by org.testng.reporters.JUnitReportReporter -->
<testsuite skipped="0" hostname="Sai" name="testcases.HomeLoanTest" tests="1" failures="0" timestamp="16 Apr 2023 04:58:39 GMT" time="0.016" errors="0">
  <testcase name="test2" time="0.016" classname="testcases.HomeLoanTest"/>
</testsuite> <!-- testcases.HomeLoanTest -->
