<?xml version="1.0" encoding="UTF-8"?>
<!-- Generated by org.testng.reporters.JUnitReportReporter -->
<testsuite skipped="0" hostname="Sai" name="testcases.CreditCardTest" tests="1" failures="0" timestamp="16 Apr 2023 04:58:39 GMT" time="0.000" errors="0">
  <testcase name="test4" time="0.000" classname="testcases.CreditCardTest"/>
</testsuite> <!-- testcases.CreditCardTest -->
