<?xml version="1.0" encoding="UTF-8"?>
<!-- Generated by org.testng.reporters.JUnitReportReporter -->
<testsuite skipped="0" hostname="Sai" name="testcases.CarLoanTest" tests="1" failures="0" timestamp="16 Apr 2023 04:47:16 GMT" time="0.077" errors="0">
  <testcase name="test3" time="0.077" classname="testcases.CarLoanTest"/>
</testsuite> <!-- testcases.CarLoanTest -->
